03/Dec/2021 12:26:08 pm NSMS Exception : Stack Trace : java.net.ConnectException: Connection refused: connect
	at java.base/sun.nio.ch.Net.connect0(Native Method)
	at java.base/sun.nio.ch.Net.connect(Net.java:574)
	at java.base/sun.nio.ch.Net.connect(Net.java:563)
	at java.base/sun.nio.ch.NioSocketImpl.connect(NioSocketImpl.java:588)
	at java.base/java.net.SocksSocketImpl.connect(SocksSocketImpl.java:333)
	at java.base/java.net.Socket.connect(Socket.java:648)
	at java.base/java.net.Socket.connect(Socket.java:597)
	at java.base/java.net.Socket.<init>(Socket.java:520)
	at java.base/java.net.Socket.<init>(Socket.java:294)
	at NSMS.CSMSRqstr.ConnectToSMS(CSMSRqstr.java:243)
	at NSMS.CSMSRqstr.Connect(CSMSRqstr.java:550)
	at ISPack.CPISIOInterface.ISConnectToRemoteSMS_MT(CPISIOInterface.java:5921)
	at ISPack.CPISIOInterface.ISAddDoc_MT(CPISIOInterface.java:7261)
	at ISPack.CPISDocumentTxn.AddDocument1_MT(CPISDocumentTxn.java:2614)
	at ISPack.CPISDocumentTxn.AddDocument_MT(CPISDocumentTxn.java:1843)
	at com.awcsoftware.dmsapi.UploadDocument.upload(UploadDocument.java:104)
	at com.awcsoftware.services.DriverClass.main(DriverClass.java:22)

03/Dec/2021 12:26:11 pm NSMS Exception : Stack Trace : java.net.ConnectException: Connection refused: connect
	at java.base/sun.nio.ch.Net.connect0(Native Method)
	at java.base/sun.nio.ch.Net.connect(Net.java:574)
	at java.base/sun.nio.ch.Net.connect(Net.java:563)
	at java.base/sun.nio.ch.NioSocketImpl.connect(NioSocketImpl.java:588)
	at java.base/java.net.SocksSocketImpl.connect(SocksSocketImpl.java:333)
	at java.base/java.net.Socket.connect(Socket.java:648)
	at java.base/java.net.Socket.connect(Socket.java:597)
	at java.base/java.net.Socket.<init>(Socket.java:520)
	at java.base/java.net.Socket.<init>(Socket.java:294)
	at NSMS.CSMSRqstr.ConnectToSMS(CSMSRqstr.java:243)
	at NSMS.CSMSRqstr.Connect(CSMSRqstr.java:550)
	at ISPack.CPISIOInterface.ISConnectToRemoteSMS_MT(CPISIOInterface.java:5921)
	at ISPack.CPISIOInterface.ISAddDoc_MT(CPISIOInterface.java:7261)
	at ISPack.CPISDocumentTxn.AddDocument1_MT(CPISDocumentTxn.java:2614)
	at ISPack.CPISDocumentTxn.AddDocument_MT(CPISDocumentTxn.java:1843)
	at com.awcsoftware.dmsapi.UploadDocument.upload(UploadDocument.java:104)
	at com.awcsoftware.services.DriverClass.main(DriverClass.java:22)

03/Dec/2021 12:26:13 pm NSMS Exception : Stack Trace : java.net.ConnectException: Connection refused: connect
	at java.base/sun.nio.ch.Net.connect0(Native Method)
	at java.base/sun.nio.ch.Net.connect(Net.java:574)
	at java.base/sun.nio.ch.Net.connect(Net.java:563)
	at java.base/sun.nio.ch.NioSocketImpl.connect(NioSocketImpl.java:588)
	at java.base/java.net.SocksSocketImpl.connect(SocksSocketImpl.java:333)
	at java.base/java.net.Socket.connect(Socket.java:648)
	at java.base/java.net.Socket.connect(Socket.java:597)
	at java.base/java.net.Socket.<init>(Socket.java:520)
	at java.base/java.net.Socket.<init>(Socket.java:294)
	at NSMS.CSMSRqstr.ConnectToSMS(CSMSRqstr.java:243)
	at NSMS.CSMSRqstr.Connect(CSMSRqstr.java:550)
	at ISPack.CPISIOInterface.ISConnectToRemoteSMS_MT(CPISIOInterface.java:5921)
	at ISPack.CPISIOInterface.ISAddDoc_MT(CPISIOInterface.java:7261)
	at ISPack.CPISDocumentTxn.AddDocument1_MT(CPISDocumentTxn.java:2614)
	at ISPack.CPISDocumentTxn.AddDocument_MT(CPISDocumentTxn.java:1843)
	at com.awcsoftware.dmsapi.UploadDocument.upload(UploadDocument.java:104)
	at com.awcsoftware.services.DriverClass.main(DriverClass.java:22)

